This is pdfTeX, Version 3.141592653-2.6-1.40.25 (MiKTeX 24.1) (preloaded format=pdflatex 2024.8.15)  1 SEP 2024 07:17
entering extended mode
 restricted \write18 enabled.
 %&-line parsing enabled.
**"./Relatório Circuitos.tex"
(Relatório Circuitos.tex
LaTeX2e <2023-11-01> patch level 1
L3 programming layer <2024-01-04>

(C:\Users\AndréGustavoDessoyHu\AppData\Local\Programs\MiKTeX\tex/latex/base\ar
ticle.cls
Document Class: article 2023/05/17 v1.4n Standard LaTeX document class

(C:\Users\AndréGustavoDessoyHu\AppData\Local\Programs\MiKTeX\tex/latex/base\si
ze12.clo
File: size12.clo 2023/05/17 v1.4n Standard LaTeX file (size option)
)
\c@part=\count187
\c@section=\count188
\c@subsection=\count189
\c@subsubsection=\count190
\c@paragraph=\count191
\c@subparagraph=\count192
\c@figure=\count193
\c@table=\count194
\abovecaptionskip=\skip48
\belowcaptionskip=\skip49
\bibindent=\dimen140
)
(C:\Users\AndréGustavoDessoyHu\AppData\Local\Programs\MiKTeX\tex/latex/geometr
y\geometry.sty
Package: geometry 2020/01/02 v5.9 Page Geometry

(C:\Users\AndréGustavoDessoyHu\AppData\Local\Programs\MiKTeX\tex/latex/graphic
s\keyval.sty
Package: keyval 2022/05/29 v1.15 key=value parser (DPC)
\KV@toks@=\toks17
)
(C:\Users\AndréGustavoDessoyHu\AppData\Local\Programs\MiKTeX\tex/generic/iftex
\ifvtex.sty
Package: ifvtex 2019/10/25 v1.7 ifvtex legacy package. Use iftex instead.

(C:\Users\AndréGustavoDessoyHu\AppData\Local\Programs\MiKTeX\tex/generic/iftex
\iftex.sty
Package: iftex 2022/02/03 v1.0f TeX engine tests
))
\Gm@cnth=\count195
\Gm@cntv=\count196
\c@Gm@tempcnt=\count197
\Gm@bindingoffset=\dimen141
\Gm@wd@mp=\dimen142
\Gm@odd@mp=\dimen143
\Gm@even@mp=\dimen144
\Gm@layoutwidth=\dimen145
\Gm@layoutheight=\dimen146
\Gm@layouthoffset=\dimen147
\Gm@layoutvoffset=\dimen148
\Gm@dimlist=\toks18

(C:\Users\AndréGustavoDessoyHu\AppData\Local\Programs\MiKTeX\tex/latex/geometr
y\geometry.cfg))
(C:\Users\AndréGustavoDessoyHu\AppData\Local\Programs\MiKTeX\tex/generic/babel
\babel.sty
Package: babel 2024/01/07 v24.1 The Babel package
\babel@savecnt=\count198
\U@D=\dimen149
\l@unhyphenated=\language79

(C:\Users\AndréGustavoDessoyHu\AppData\Local\Programs\MiKTeX\tex/generic/babel
\txtbabel.def)
\bbl@readstream=\read2
\bbl@dirlevel=\count199

*************************************
* Local config file bblopts.cfg used
*

(C:\Users\AndréGustavoDessoyHu\AppData\Local\Programs\MiKTeX\tex/latex/arabi\b
blopts.cfg
File: bblopts.cfg 2005/09/08 v0.1 add Arabic and Farsi to "declared" options of
 babel
)
(C:\Users\AndréGustavoDessoyHu\AppData\Local\Programs\MiKTeX\tex/latex/babel-p
ortuges\brazilian.ldf
Language: portuges 2021/07/09 v1.2t Portuguese support from the babel system
Package babel Info: Hyphen rules for 'brazilian' set to \l@portuguese
(babel)             (\language56). Reported on input line 111.
Package babel Info: Making " an active character on input line 143.
)
(C:\Users\AndréGustavoDessoyHu\AppData\Local\Programs\MiKTeX\tex/latex/babel-p
ortuges\portuguese.ldf
Language: portuges 2021/07/09 v1.2t Portuguese support from the babel system
))
(C:\Users\AndréGustavoDessoyHu\AppData\Local\Programs\MiKTeX\tex/generic/babel
/locale/pt\babel-portuguese.tex
Package babel Info: Importing font and identification data for portuguese
(babel)             from babel-pt.ini. Reported on input line 11.
)
(C:\Users\AndréGustavoDessoyHu\AppData\Local\Programs\MiKTeX\tex/generic/babel
/locale/pt\babel-brazilian.tex
Package babel Info: Importing font and identification data for brazilian
(babel)             from babel-pt-BR.ini. Reported on input line 11.
)
(C:\Users\AndréGustavoDessoyHu\AppData\Local\Programs\MiKTeX\tex/latex/base\t1
enc.sty
Package: t1enc 1994/06/01 Standard LaTeX package
)
(C:\Users\AndréGustavoDessoyHu\AppData\Local\Programs\MiKTeX\tex/latex/graphic
s\epsfig.sty
Package: epsfig 2017/06/25 v1.7b (e)psfig emulation (SPQR)

(C:\Users\AndréGustavoDessoyHu\AppData\Local\Programs\MiKTeX\tex/latex/graphic
s\graphicx.sty
Package: graphicx 2021/09/16 v1.2d Enhanced LaTeX Graphics (DPC,SPQR)

(C:\Users\AndréGustavoDessoyHu\AppData\Local\Programs\MiKTeX\tex/latex/graphic
s\graphics.sty
Package: graphics 2022/03/10 v1.4e Standard LaTeX Graphics (DPC,SPQR)

(C:\Users\AndréGustavoDessoyHu\AppData\Local\Programs\MiKTeX\tex/latex/graphic
s\trig.sty
Package: trig 2021/08/11 v1.11 sin cos tan (DPC)
)
(C:\Users\AndréGustavoDessoyHu\AppData\Local\Programs\MiKTeX\tex/latex/graphic
s-cfg\graphics.cfg
File: graphics.cfg 2016/06/04 v1.11 sample graphics configuration
)
Package graphics Info: Driver file: pdftex.def on input line 107.

(C:\Users\AndréGustavoDessoyHu\AppData\Local\Programs\MiKTeX\tex/latex/graphic
s-def\pdftex.def
File: pdftex.def 2022/09/22 v1.2b Graphics/color driver for pdftex
))
\Gin@req@height=\dimen150
\Gin@req@width=\dimen151
)
\epsfxsize=\dimen152
\epsfysize=\dimen153
)
(C:\Users\AndréGustavoDessoyHu\AppData\Local\Programs\MiKTeX\tex/latex/graphic
s\color.sty
Package: color 2022/01/06 v1.3d Standard LaTeX Color (DPC)

(C:\Users\AndréGustavoDessoyHu\AppData\Local\Programs\MiKTeX\tex/latex/graphic
s-cfg\color.cfg
File: color.cfg 2016/01/02 v1.6 sample color configuration
)
Package color Info: Driver file: pdftex.def on input line 149.

(C:\Users\AndréGustavoDessoyHu\AppData\Local\Programs\MiKTeX\tex/latex/graphic
s\mathcolor.ltx))
(C:\Users\AndréGustavoDessoyHu\AppData\Local\Programs\MiKTeX\tex/latex/l3backe
nd\l3backend-pdftex.def
File: l3backend-pdftex.def 2024-01-04 L3 backend support: PDF output (pdfTeX)
\l__color_backend_stack_int=\count266
\l__pdf_internal_box=\box51
) (Relatório Circuitos.aux

LaTeX Warning: Label `fig' multiply defined.


LaTeX Warning: Label `fig' multiply defined.


LaTeX Warning: Label `fig' multiply defined.


LaTeX Warning: Label `fig' multiply defined.


LaTeX Warning: Label `fig' multiply defined.


LaTeX Warning: Label `fig' multiply defined.


LaTeX Warning: Label `fig' multiply defined.


LaTeX Warning: Label `fig' multiply defined.


LaTeX Warning: Label `fig' multiply defined.


LaTeX Warning: Label `fig' multiply defined.


LaTeX Warning: Label `fig' multiply defined.


LaTeX Warning: Label `fig' multiply defined.


LaTeX Warning: Label `fig' multiply defined.


LaTeX Warning: Label `fig' multiply defined.


LaTeX Warning: Label `fig' multiply defined.


LaTeX Warning: Label `fig' multiply defined.


LaTeX Warning: Label `fig' multiply defined.


LaTeX Warning: Label `fig' multiply defined.

)
\openout1 = `"Relatório Circuitos.aux"'.

LaTeX Font Info:    Checking defaults for OML/cmm/m/it on input line 35.
LaTeX Font Info:    ... okay on input line 35.
LaTeX Font Info:    Checking defaults for OMS/cmsy/m/n on input line 35.
LaTeX Font Info:    ... okay on input line 35.
LaTeX Font Info:    Checking defaults for OT1/cmr/m/n on input line 35.
LaTeX Font Info:    ... okay on input line 35.
LaTeX Font Info:    Checking defaults for T1/cmr/m/n on input line 35.
LaTeX Font Info:    ... okay on input line 35.
LaTeX Font Info:    Checking defaults for TS1/cmr/m/n on input line 35.
LaTeX Font Info:    ... okay on input line 35.
LaTeX Font Info:    Checking defaults for OMX/cmex/m/n on input line 35.
LaTeX Font Info:    ... okay on input line 35.
LaTeX Font Info:    Checking defaults for U/cmr/m/n on input line 35.
LaTeX Font Info:    ... okay on input line 35.

*geometry* driver: auto-detecting
*geometry* detected driver: pdftex
*geometry* verbose mode - [ preamble ] result:
* driver: pdftex
* paper: a4paper
* layout: <same size as paper>
* layoutoffset:(h,v)=(0.0pt,0.0pt)
* bindingoffset: 14.45377pt
* modes: 
* h-part:(L,W,R)=(57.81621pt, 467.42169pt, 57.81621pt)
* v-part:(T,H,B)=(57.81621pt, 729.41443pt, 57.81621pt)
* \paperwidth=597.50787pt
* \paperheight=845.04684pt
* \textwidth=467.42169pt
* \textheight=729.41443pt
* \oddsidemargin=-0.00002pt
* \evensidemargin=-14.45378pt
* \topmargin=-51.45378pt
* \headheight=12.0pt
* \headsep=25.0pt
* \topskip=12.0pt
* \footskip=18.06749pt
* \marginparwidth=35.0pt
* \marginparsep=10.0pt
* \columnsep=10.0pt
* \skip\footins=10.8pt plus 4.0pt minus 2.0pt
* \hoffset=0.0pt
* \voffset=0.0pt
* \mag=1000
* \@twocolumnfalse
* \@twosidefalse
* \@mparswitchfalse
* \@reversemarginfalse
* (1in=72.27pt=25.4mm, 1cm=28.453pt)


(C:\Users\AndréGustavoDessoyHu\AppData\Local\Programs\MiKTeX\tex/context/base/
mkii\supp-pdf.mkii
[Loading MPS to PDF converter (version 2006.09.02).]
\scratchcounter=\count267
\scratchdimen=\dimen154
\scratchbox=\box52
\nofMPsegments=\count268
\nofMParguments=\count269
\everyMPshowfont=\toks19
\MPscratchCnt=\count270
\MPscratchDim=\dimen155
\MPnumerator=\count271
\makeMPintoPDFobject=\count272
\everyMPtoPDFconversion=\toks20
)
(C:\Users\AndréGustavoDessoyHu\AppData\Local\Programs\MiKTeX\tex/latex/epstopd
f-pkg\epstopdf-base.sty
Package: epstopdf-base 2020-01-24 v2.11 Base part for package epstopdf
Package epstopdf-base Info: Redefining graphics rule for `.eps' on input line 4
85.

(C:\Users\AndréGustavoDessoyHu\AppData\Local\Programs\MiKTeX\tex/latex/00mikte
x\epstopdf-sys.cfg
File: epstopdf-sys.cfg 2021/03/18 v2.0 Configuration of epstopdf for MiKTeX
))
LaTeX Font Info:    External font `cmex10' loaded for size
(Font)              <14.4> on input line 36.
LaTeX Font Info:    External font `cmex10' loaded for size
(Font)              <7> on input line 36.
<Reações.png, id=1, 305.64188pt x 210.03468pt>
File: Reações.png Graphic file (type png)
<use Reações.png>
Package pdftex.def Info: Reações.png  used on input line 51.
(pdftex.def)             Requested size: 305.64111pt x 210.03416pt.
<Equações.png, id=3, 333.49594pt x 199.49532pt>
File: Equações.png Graphic file (type png)
<use Equações.png>
Package pdftex.def Info: Equações.png  used on input line 59.
(pdftex.def)             Requested size: 333.49512pt x 199.49481pt.
 [1

{C:/Users/AndréGustavoDessoyHu/AppData/Local/MiKTeX/fonts/map/pdftex/pdftex.ma
p} <./Reações.png>]
<Hill.png, id=15, 320.69812pt x 133.24782pt>
File: Hill.png Graphic file (type png)
<use Hill.png>
Package pdftex.def Info: Hill.png  used on input line 83.
(pdftex.def)             Requested size: 398.33858pt x 165.51022pt.
<dict.png, id=16, 497.60907pt x 301.8778pt>
File: dict.png Graphic file (type png)
<use dict.png>
Package pdftex.def Info: dict.png  used on input line 91.
(pdftex.def)             Requested size: 398.34595pt x 284.5252pt.
<Simulation.png, id=17, 681.29532pt x 419.31656pt>
File: Simulation.png Graphic file (type png)
<use Simulation.png>
Package pdftex.def Info: Simulation.png  used on input line 99.
(pdftex.def)             Requested size: 398.34305pt x 284.52364pt.
 [2 <./Equações.png>] [3 <./Hill.png> <./dict.png>]
<ExtractMaximals.png, id=27, 532.23843pt x 330.48468pt>
File: ExtractMaximals.png Graphic file (type png)
<use ExtractMaximals.png>
Package pdftex.def Info: ExtractMaximals.png  used on input line 114.
(pdftex.def)             Requested size: 398.34946pt x 284.53906pt.
<ExtractPeriods.png, id=28, 522.45187pt x 192.72pt>
File: ExtractPeriods.png Graphic file (type png)
<use ExtractPeriods.png>
Package pdftex.def Info: ExtractPeriods.png  used on input line 122.
(pdftex.def)             Requested size: 522.45059pt x 192.71951pt.

Overfull \hbox (55.0289pt too wide) in paragraph at lines 122--123
 [] 
 []

[4 <./Simulation.png>] [5 <./ExtractMaximals.png> <./ExtractPeriods.png>]
<SearchLowerUpperPeriods.png, id=38, 866.48718pt x 259.7203pt>
File: SearchLowerUpperPeriods.png Graphic file (type png)
<use SearchLowerUpperPeriods.png>
Package pdftex.def Info: SearchLowerUpperPeriods.png  used on input line 137.
(pdftex.def)             Requested size: 455.24408pt x 136.45427pt.
<SearchPeriods1.png, id=39, 703.87968pt x 280.79906pt>
File: SearchPeriods1.png Graphic file (type png)
<use SearchPeriods1.png>
Package pdftex.def Info: SearchPeriods1.png  used on input line 145.
(pdftex.def)             Requested size: 455.24408pt x 181.60887pt.
<SearchPeriods2.png, id=40, 1064.47687pt x 252.19218pt>
File: SearchPeriods2.png Graphic file (type png)
<use SearchPeriods2.png>
Package pdftex.def Info: SearchPeriods2.png  used on input line 153.
(pdftex.def)             Requested size: 455.24408pt x 107.85175pt.
<GetPeriods.png, id=41, 976.39781pt x 210.7875pt>
File: GetPeriods.png Graphic file (type png)
<use GetPeriods.png>
Package pdftex.def Info: GetPeriods.png  used on input line 161.
(pdftex.def)             Requested size: 455.24408pt x 98.27892pt.
<oscPadrao.png, id=42, 1042.8561pt x 502.2765pt>
File: oscPadrao.png Graphic file (type png)
<use oscPadrao.png>
Package pdftex.def Info: oscPadrao.png  used on input line 174.
(pdftex.def)             Requested size: 512.16559pt x 341.44388pt.

Overfull \hbox (44.7439pt too wide) in paragraph at lines 174--175
 [] 
 []

[6 <./SearchLowerUpperPeriods.png> <./SearchPeriods1.png>]
<Resultado-padrão.png, id=48, 1228.59pt x 578.16pt>
File: Resultado-padrão.png Graphic file (type png)
<use Resultado-padrão.png>
Package pdftex.def Info: Resultado-padrão.png  used on input line 192.
(pdftex.def)             Requested size: 512.14246pt x 341.42903pt.

Overfull \hbox (44.72076pt too wide) in paragraph at lines 192--193
 [] 
 []

[7 <./SearchPeriods2.png> <./GetPeriods.png>] [8 <./oscPadrao.png>] [9 <./Resul
tado-padrão.png>]
<ParamsX.png, id=63, 1000.9395pt x 495.7722pt>
File: ParamsX.png Graphic file (type png)
<use ParamsX.png>
Package pdftex.def Info: ParamsX.png  used on input line 208.
(pdftex.def)             Requested size: 455.24408pt x 225.48592pt.
<ParamsR.png, id=64, 1110.7899pt x 537.6888pt>
File: ParamsR.png Graphic file (type png)
<use ParamsR.png>
Package pdftex.def Info: ParamsR.png  used on input line 216.
(pdftex.def)             Requested size: 455.24408pt x 220.36359pt.
<ParamsE.png, id=65, 1032.7383pt x 476.2593pt>
File: ParamsE.png Graphic file (type png)
<use ParamsE.png>
Package pdftex.def Info: ParamsE.png  used on input line 224.
(pdftex.def)             Requested size: 455.24408pt x 209.93988pt.
<Sample1.png, id=66, 1228.59pt x 578.16pt>
File: Sample1.png Graphic file (type png)
<use Sample1.png>
Package pdftex.def Info: Sample1.png  used on input line 235.
(pdftex.def)             Requested size: 455.24408pt x 214.23344pt.
<Sample2.png, id=67, 1228.59pt x 578.16pt>
File: Sample2.png Graphic file (type png)
<use Sample2.png>
Package pdftex.def Info: Sample2.png  used on input line 243.
(pdftex.def)             Requested size: 455.24408pt x 214.23344pt.
<Sample3.png, id=68, 1228.59pt x 578.16pt>
File: Sample3.png Graphic file (type png)
<use Sample3.png>
Package pdftex.def Info: Sample3.png  used on input line 251.
(pdftex.def)             Requested size: 455.24408pt x 214.23344pt.
 [10 <./ParamsX.png>] [11 <./ParamsR.png> <./ParamsE.png>]
[12 <./Sample1.png> <./Sample2.png>] [13 <./Sample3.png>]
(Relatório Circuitos.aux)
 ***********
LaTeX2e <2023-11-01> patch level 1
L3 programming layer <2024-01-04>
 ***********


LaTeX Warning: There were multiply-defined labels.

 ) 
Here is how much of TeX's memory you used:
 3266 strings out of 474486
 59083 string characters out of 5736203
 1934542 words of memory out of 5000000
 25538 multiletter control sequences out of 15000+600000
 564241 words of font info for 47 fonts, out of 8000000 for 9000
 1141 hyphenation exceptions out of 8191
 72i,6n,79p,1099b,275s stack positions out of 10000i,1000n,20000p,200000b,200000s
 <C:\Users\AndréGustavoDessoyHu\AppData\Local\MiKTeX\fonts/pk/ljfour/jknappe
n/ec/dpi600\tcrm1200.pk> <C:\Users\AndréGustavoDessoyHu\AppData\Local\MiKTeX\f
onts/pk/ljfour/jknappen/ec/dpi600\ecbx1440.pk> <C:\Users\AndréGustavoDessoyHu\
AppData\Local\MiKTeX\fonts/pk/ljfour/jknappen/ec/dpi600\ecrm1200.pk> <C:\Users\
AndréGustavoDessoyHu\AppData\Local\MiKTeX\fonts/pk/ljfour/jknappen/ec/dpi600\e
cbx1728.pk> <C:\Users\AndréGustavoDessoyHu\AppData\Local\MiKTeX\fonts/pk/ljfou
r/jknappen/ec/dpi600\ecrm1440.pk> <C:\Users\AndréGustavoDessoyHu\AppData\Local
\MiKTeX\fonts/pk/ljfour/jknappen/ec/dpi600\ecrm2074.pk>
Output written on "Relatório Circuitos.pdf" (13 pages, 758950 bytes).
PDF statistics:
 298 PDF objects out of 1000 (max. 8388607)
 0 named destinations out of 1000 (max. 500000)
 96 words of extra memory for PDF output out of 10000 (max. 10000000)

